app/build/intermediates/manifest_merge_blame_file/debug/manifest-merger-blame-debug-report.txt
1<?xml version="1.0" encoding="utf-8"?>
2<manifest xmlns:android="http://schemas.android.com/apk/res/android"
3    package="com.example.aplicationtestinglayout"
4    android:versionCode="1"
5    android:versionName="1.0" >
6
7    <uses-sdk
8        android:minSdkVersion="21"
8-->src\main\AndroidManifest.xml
9        android:targetSdkVersion="31" />
9-->src\main\AndroidManifest.xml
10
11    <uses-permission android:name="android.permission.INTERNET" />
11-->src\main\AndroidManifest.xml:5:5-66
11-->src\main\AndroidManifest.xml:5:22-64
12
13    <application
13-->src\main\AndroidManifest.xml:7:5-34:19
14        android:name="com.example.aplicationtestinglayout.TaskPlannerApplication"
14-->src\main\AndroidManifest.xml:8:9-82
15        android:allowBackup="true"
15-->src\main\AndroidManifest.xml:9:9-35
16        android:appComponentFactory="androidx.core.app.CoreComponentFactory"
16-->[androidx.core:core:1.7.0] AndroidManifest.xml:24:18-86
17        android:debuggable="true"
18        android:icon="@mipmap/ic_launcher"
18-->src\main\AndroidManifest.xml:10:9-43
19        android:label="@string/app_name"
19-->src\main\AndroidManifest.xml:11:9-41
20        android:roundIcon="@mipmap/ic_launcher_round"
20-->src\main\AndroidManifest.xml:12:9-54
21        android:supportsRtl="true"
21-->src\main\AndroidManifest.xml:13:9-35
22        android:testOnly="true"
23        android:theme="@style/Theme.AplicationTestingLayout" >
23-->src\main\AndroidManifest.xml:14:9-61
24        <activity
24-->src\main\AndroidManifest.xml:15:9-17:40
25            android:name="com.example.aplicationtestinglayout.FormLogin"
25-->src\main\AndroidManifest.xml:16:13-38
26            android:exported="false" />
26-->src\main\AndroidManifest.xml:17:13-37
27        <activity
27-->src\main\AndroidManifest.xml:18:9-20:40
28            android:name="com.example.aplicationtestinglayout.CenterMenu"
28-->src\main\AndroidManifest.xml:19:13-39
29            android:exported="false" />
29-->src\main\AndroidManifest.xml:20:13-37
30        <activity
30-->src\main\AndroidManifest.xml:21:9-29:20
31            android:name="com.example.aplicationtestinglayout.MainActivity"
31-->src\main\AndroidManifest.xml:22:13-41
32            android:exported="true" >
32-->src\main\AndroidManifest.xml:23:13-36
33            <intent-filter>
33-->src\main\AndroidManifest.xml:24:13-28:29
34                <action android:name="android.intent.action.MAIN" />
34-->src\main\AndroidManifest.xml:25:17-69
34-->src\main\AndroidManifest.xml:25:25-66
35
36                <category android:name="android.intent.category.LAUNCHER" />
36-->src\main\AndroidManifest.xml:27:17-77
36-->src\main\AndroidManifest.xml:27:27-74
37            </intent-filter>
38        </activity>
39
40        <meta-data
40-->src\main\AndroidManifest.xml:31:9-33:57
41            android:name="preloaded_fonts"
41-->src\main\AndroidManifest.xml:32:13-43
42            android:resource="@array/preloaded_fonts" />
42-->src\main\AndroidManifest.xml:33:13-54
43
44        <service
44-->[androidx.room:room-runtime:2.3.0] AndroidManifest.xml:25:9-28:40
45            android:name="androidx.room.MultiInstanceInvalidationService"
45-->[androidx.room:room-runtime:2.3.0] AndroidManifest.xml:26:13-74
46            android:directBootAware="true"
46-->[androidx.room:room-runtime:2.3.0] AndroidManifest.xml:27:13-43
47            android:exported="false" />
47-->[androidx.room:room-runtime:2.3.0] AndroidManifest.xml:28:13-37
48
49        <provider
49-->[androidx.lifecycle:lifecycle-process:2.2.0] AndroidManifest.xml:25:9-29:43
50            android:name="androidx.lifecycle.ProcessLifecycleOwnerInitializer"
50-->[androidx.lifecycle:lifecycle-process:2.2.0] AndroidManifest.xml:26:13-79
51            android:authorities="com.example.aplicationtestinglayout.lifecycle-process"
51-->[androidx.lifecycle:lifecycle-process:2.2.0] AndroidManifest.xml:27:13-69
52            android:exported="false"
52-->[androidx.lifecycle:lifecycle-process:2.2.0] AndroidManifest.xml:28:13-37
53            android:multiprocess="true" />
53-->[androidx.lifecycle:lifecycle-process:2.2.0] AndroidManifest.xml:29:13-40
54    </application>
55
56</manifest>